{"/home/sohel/Documents/React_Project/Swiggy/Swiggy_App/src/Contact.jsx": {"path":"/home/sohel/Documents/React_Project/Swiggy/Swiggy_App/src/Contact.jsx","statementMap":{"0":{"start":{"line":3,"column":16},"end":{"line":54,"column":1}},"1":{"start":{"line":4,"column":2},"end":{"line":53,"column":4}}},"fnMap":{"0":{"name":"(anonymous_0)","decl":{"start":{"line":3,"column":16},"end":{"line":3,"column":17}},"loc":{"start":{"line":3,"column":22},"end":{"line":54,"column":1}},"line":3}},"branchMap":{},"s":{"0":1,"1":3},"f":{"0":3},"b":{},"_coverageSchema":"1a1c01bbd47fc00a2c39e90264f33305004495a9","hash":"78150ac3bbcd2d7df6864b24b598ed70a0959e4f"}
,"/home/sohel/Documents/React_Project/Swiggy/Swiggy_App/src/Sum.js": {"path":"/home/sohel/Documents/React_Project/Swiggy/Swiggy_App/src/Sum.js","statementMap":{"0":{"start":{"line":2,"column":2},"end":{"line":2,"column":15}}},"fnMap":{"0":{"name":"Sum","decl":{"start":{"line":1,"column":16},"end":{"line":1,"column":19}},"loc":{"start":{"line":1,"column":26},"end":{"line":3,"column":1}},"line":1}},"branchMap":{},"s":{"0":1},"f":{"0":1},"b":{},"_coverageSchema":"1a1c01bbd47fc00a2c39e90264f33305004495a9","hash":"2261c613a5ffc06db70ae201c4f2c3647d652f80"}
,"/home/sohel/Documents/React_Project/Swiggy/Swiggy_App/src/Header/Header.jsx": {"path":"/home/sohel/Documents/React_Project/Swiggy/Swiggy_App/src/Header/Header.jsx","statementMap":{"0":{"start":{"line":8,"column":15},"end":{"line":59,"column":1}},"1":{"start":{"line":10,"column":37},"end":{"line":10,"column":54}},"2":{"start":{"line":13,"column":21},"end":{"line":13,"column":60}},"3":{"start":{"line":13,"column":43},"end":{"line":13,"column":59}},"4":{"start":{"line":18,"column":2},"end":{"line":58,"column":3}},"5":{"start":{"line":50,"column":20},"end":{"line":50,"column":87}}},"fnMap":{"0":{"name":"(anonymous_0)","decl":{"start":{"line":8,"column":15},"end":{"line":8,"column":16}},"loc":{"start":{"line":8,"column":21},"end":{"line":59,"column":1}},"line":8},"1":{"name":"(anonymous_1)","decl":{"start":{"line":13,"column":33},"end":{"line":13,"column":34}},"loc":{"start":{"line":13,"column":43},"end":{"line":13,"column":59}},"line":13},"2":{"name":"(anonymous_2)","decl":{"start":{"line":49,"column":48},"end":{"line":49,"column":49}},"loc":{"start":{"line":49,"column":52},"end":{"line":51,"column":13}},"line":49}},"branchMap":{"0":{"loc":{"start":{"line":50,"column":20},"end":{"line":50,"column":87}},"type":"cond-expr","locations":[{"start":{"line":50,"column":43},"end":{"line":50,"column":64}},{"start":{"line":50,"column":67},"end":{"line":50,"column":87}}],"line":50}},"s":{"0":1,"1":5,"2":4,"3":0,"4":0,"5":0},"f":{"0":5,"1":0,"2":0},"b":{"0":[0,0]},"_coverageSchema":"1a1c01bbd47fc00a2c39e90264f33305004495a9","hash":"82e6e2c1d576ca1ebb2bc56d6a5be4a776ac97c0"}
}
